\BOOKMARK [0][-]{chapter.1}{\376\377\0001\000\040\000M\000o\000d\000u\000l\000e\000s\000\040\000I\000n\000d\000e\000x}{}% 1
\BOOKMARK [1][-]{section.1.1}{\376\377\0001\000.\0001\000\040\000M\000o\000d\000u\000l\000e\000s\000\040\000L\000i\000s\000t}{chapter.1}% 2
\BOOKMARK [0][-]{chapter.2}{\376\377\0002\000\040\000D\000a\000t\000a\000\040\000T\000y\000p\000e\000\040\000I\000n\000d\000e\000x}{}% 3
\BOOKMARK [1][-]{section.2.1}{\376\377\0002\000.\0001\000\040\000C\000l\000a\000s\000s\000\040\000H\000i\000e\000r\000a\000r\000c\000h\000y}{chapter.2}% 4
\BOOKMARK [0][-]{chapter.3}{\376\377\0003\000\040\000D\000a\000t\000a\000\040\000T\000y\000p\000e\000\040\000I\000n\000d\000e\000x}{}% 5
\BOOKMARK [1][-]{section.3.1}{\376\377\0003\000.\0001\000\040\000D\000a\000t\000a\000\040\000T\000y\000p\000e\000s\000\040\000L\000i\000s\000t}{chapter.3}% 6
\BOOKMARK [0][-]{chapter.4}{\376\377\0004\000\040\000F\000i\000l\000e\000\040\000I\000n\000d\000e\000x}{}% 7
\BOOKMARK [1][-]{section.4.1}{\376\377\0004\000.\0001\000\040\000F\000i\000l\000e\000\040\000L\000i\000s\000t}{chapter.4}% 8
\BOOKMARK [0][-]{chapter.5}{\376\377\0005\000\040\000M\000o\000d\000u\000l\000e\000\040\000D\000o\000c\000u\000m\000e\000n\000t\000a\000t\000i\000o\000n}{}% 9
\BOOKMARK [1][-]{section.5.1}{\376\377\0005\000.\0001\000\040\000a\000b\000s\000t\000r\000a\000c\000t\000\137\000c\000o\000n\000t\000a\000i\000n\000e\000r\000\137\000a\000r\000r\000a\000y\000\137\000m\000o\000d\000\040\000M\000o\000d\000u\000l\000e\000\040\000R\000e\000f\000e\000r\000e\000n\000c\000e}{chapter.5}% 10
\BOOKMARK [2][-]{subsection.5.1.1}{\376\377\0005\000.\0001\000.\0001\000\040\000D\000e\000t\000a\000i\000l\000e\000d\000\040\000D\000e\000s\000c\000r\000i\000p\000t\000i\000o\000n}{section.5.1}% 11
\BOOKMARK [2][-]{subsection.5.1.2}{\376\377\0005\000.\0001\000.\0002\000\040\000F\000u\000n\000c\000t\000i\000o\000n\000/\000S\000u\000b\000r\000o\000u\000t\000i\000n\000e\000\040\000D\000o\000c\000u\000m\000e\000n\000t\000a\000t\000i\000o\000n}{section.5.1}% 12
\BOOKMARK [3][-]{subsubsection.5.1.2.1}{\376\377\0005\000.\0001\000.\0002\000.\0001\000\040\000g\000e\000t\000l\000e\000n\000g\000t\000h\000\050\000\051}{subsection.5.1.2}% 13
\BOOKMARK [3][-]{subsubsection.5.1.2.2}{\376\377\0005\000.\0001\000.\0002\000.\0002\000\040\000g\000e\000t\000v\000a\000l\000u\000e\000\050\000\051}{subsection.5.1.2}% 14
\BOOKMARK [3][-]{subsubsection.5.1.2.3}{\376\377\0005\000.\0001\000.\0002\000.\0003\000\040\000i\000n\000i\000t\000a\000r\000r\000a\000y\000\050\000\051}{subsection.5.1.2}% 15
\BOOKMARK [3][-]{subsubsection.5.1.2.4}{\376\377\0005\000.\0001\000.\0002\000.\0004\000\040\000p\000u\000t\000v\000a\000l\000u\000e\000\050\000\051}{subsection.5.1.2}% 16
\BOOKMARK [3][-]{subsubsection.5.1.2.5}{\376\377\0005\000.\0001\000.\0002\000.\0005\000\040\000r\000e\000s\000i\000z\000e\000a\000r\000r\000a\000y\000\050\000\051}{subsection.5.1.2}% 17
\BOOKMARK [2][-]{subsection.5.1.3}{\376\377\0005\000.\0001\000.\0003\000\040\000V\000a\000r\000i\000a\000b\000l\000e\000\040\000D\000o\000c\000u\000m\000e\000n\000t\000a\000t\000i\000o\000n}{section.5.1}% 18
\BOOKMARK [3][-]{subsubsection.5.1.3.1}{\376\377\0005\000.\0001\000.\0003\000.\0001\000\040\000m\000c}{subsection.5.1.3}% 19
\BOOKMARK [1][-]{section.5.2}{\376\377\0005\000.\0002\000\040\000c\000o\000n\000t\000a\000i\000n\000e\000r\000\137\000m\000o\000d\000\040\000M\000o\000d\000u\000l\000e\000\040\000R\000e\000f\000e\000r\000e\000n\000c\000e}{chapter.5}% 20
\BOOKMARK [2][-]{subsection.5.2.1}{\376\377\0005\000.\0002\000.\0001\000\040\000D\000e\000t\000a\000i\000l\000e\000d\000\040\000D\000e\000s\000c\000r\000i\000p\000t\000i\000o\000n}{section.5.2}% 21
\BOOKMARK [2][-]{subsection.5.2.2}{\376\377\0005\000.\0002\000.\0002\000\040\000F\000u\000n\000c\000t\000i\000o\000n\000/\000S\000u\000b\000r\000o\000u\000t\000i\000n\000e\000\040\000D\000o\000c\000u\000m\000e\000n\000t\000a\000t\000i\000o\000n}{section.5.2}% 22
\BOOKMARK [3][-]{subsubsection.5.2.2.1}{\376\377\0005\000.\0002\000.\0002\000.\0001\000\040\000c\000o\000n\000s\000t\000r\000u\000c\000t\000o\000r\000\050\000\051}{subsection.5.2.2}% 23
\BOOKMARK [3][-]{subsubsection.5.2.2.2}{\376\377\0005\000.\0002\000.\0002\000.\0002\000\040\000g\000e\000t\000c\000o\000n\000t\000e\000n\000t\000\050\000\051}{subsection.5.2.2}% 24
\BOOKMARK [3][-]{subsubsection.5.2.2.3}{\376\377\0005\000.\0002\000.\0002\000.\0003\000\040\000p\000r\000i\000n\000t\000c\000o\000n\000t\000a\000i\000n\000e\000r\000\050\000\051}{subsection.5.2.2}% 25
\BOOKMARK [3][-]{subsubsection.5.2.2.4}{\376\377\0005\000.\0002\000.\0002\000.\0004\000\040\000s\000t\000o\000r\000e\000c\000o\000n\000t\000e\000n\000t\000\050\000\051}{subsection.5.2.2}% 26
\BOOKMARK [1][-]{section.5.3}{\376\377\0005\000.\0003\000\040\000s\000h\000a\000p\000e\000\137\000a\000r\000r\000a\000y\000\137\000m\000o\000d\000\040\000M\000o\000d\000u\000l\000e\000\040\000R\000e\000f\000e\000r\000e\000n\000c\000e}{chapter.5}% 27
\BOOKMARK [2][-]{subsection.5.3.1}{\376\377\0005\000.\0003\000.\0001\000\040\000F\000u\000n\000c\000t\000i\000o\000n\000/\000S\000u\000b\000r\000o\000u\000t\000i\000n\000e\000\040\000D\000o\000c\000u\000m\000e\000n\000t\000a\000t\000i\000o\000n}{section.5.3}% 28
\BOOKMARK [3][-]{subsubsection.5.3.1.1}{\376\377\0005\000.\0003\000.\0001\000.\0001\000\040\000p\000r\000i\000n\000t\000s\000h\000a\000p\000e\000a\000r\000r\000a\000y\000\050\000\051}{subsection.5.3.1}% 29
\BOOKMARK [3][-]{subsubsection.5.3.1.2}{\376\377\0005\000.\0003\000.\0001\000.\0002\000\040\000p\000r\000i\000n\000t\000s\000h\000a\000p\000e\000e\000l\000e\000m\000e\000n\000t\000\050\000\051}{subsection.5.3.1}% 30
\BOOKMARK [1][-]{section.5.4}{\376\377\0005\000.\0004\000\040\000t\000y\000p\000e\000s\000\137\000m\000o\000d\000\040\000M\000o\000d\000u\000l\000e\000\040\000R\000e\000f\000e\000r\000e\000n\000c\000e}{chapter.5}% 31
\BOOKMARK [2][-]{subsection.5.4.1}{\376\377\0005\000.\0004\000.\0001\000\040\000F\000u\000n\000c\000t\000i\000o\000n\000/\000S\000u\000b\000r\000o\000u\000t\000i\000n\000e\000\040\000D\000o\000c\000u\000m\000e\000n\000t\000a\000t\000i\000o\000n}{section.5.4}% 32
\BOOKMARK [3][-]{subsubsection.5.4.1.1}{\376\377\0005\000.\0004\000.\0001\000.\0001\000\040\000p\000r\000i\000n\000t\000c\000i\000r\000c\000l\000e\000\050\000\051}{subsection.5.4.1}% 33
\BOOKMARK [3][-]{subsubsection.5.4.1.2}{\376\377\0005\000.\0004\000.\0001\000.\0002\000\040\000p\000r\000i\000n\000t\000s\000h\000a\000p\000e\000\050\000\051}{subsection.5.4.1}% 34
\BOOKMARK [0][-]{chapter.6}{\376\377\0006\000\040\000D\000a\000t\000a\000\040\000T\000y\000p\000e\000\040\000D\000o\000c\000u\000m\000e\000n\000t\000a\000t\000i\000o\000n}{}% 35
\BOOKMARK [1][-]{section.6.1}{\376\377\0006\000.\0001\000\040\000t\000y\000p\000e\000s\000\137\000m\000o\000d\000:\000:\000c\000i\000r\000c\000l\000e\000\040\000T\000y\000p\000e\000\040\000R\000e\000f\000e\000r\000e\000n\000c\000e}{chapter.6}% 36
\BOOKMARK [2][-]{subsection.6.1.1}{\376\377\0006\000.\0001\000.\0001\000\040\000D\000e\000t\000a\000i\000l\000e\000d\000\040\000D\000e\000s\000c\000r\000i\000p\000t\000i\000o\000n}{section.6.1}% 37
\BOOKMARK [2][-]{subsection.6.1.2}{\376\377\0006\000.\0001\000.\0002\000\040\000M\000e\000m\000b\000e\000r\000\040\000F\000u\000n\000c\000t\000i\000o\000n\000/\000S\000u\000b\000r\000o\000u\000t\000i\000n\000e\000\040\000D\000o\000c\000u\000m\000e\000n\000t\000a\000t\000i\000o\000n}{section.6.1}% 38
\BOOKMARK [3][-]{subsubsection.6.1.2.1}{\376\377\0006\000.\0001\000.\0002\000.\0001\000\040\000p\000r\000i\000n\000t\000\050\000\051}{subsection.6.1.2}% 39
\BOOKMARK [2][-]{subsection.6.1.3}{\376\377\0006\000.\0001\000.\0003\000\040\000M\000e\000m\000b\000e\000r\000\040\000D\000a\000t\000a\000\040\000D\000o\000c\000u\000m\000e\000n\000t\000a\000t\000i\000o\000n}{section.6.1}% 40
\BOOKMARK [3][-]{subsubsection.6.1.3.1}{\376\377\0006\000.\0001\000.\0003\000.\0001\000\040\000r\000a\000d\000i\000u\000s}{subsection.6.1.3}% 41
\BOOKMARK [1][-]{section.6.2}{\376\377\0006\000.\0002\000\040\000c\000o\000n\000t\000a\000i\000n\000e\000r\000\137\000m\000o\000d\000:\000:\000c\000o\000n\000t\000a\000i\000n\000e\000r\000\040\000I\000n\000t\000e\000r\000f\000a\000c\000e\000\040\000R\000e\000f\000e\000r\000e\000n\000c\000e}{chapter.6}% 42
\BOOKMARK [2][-]{subsection.6.2.1}{\376\377\0006\000.\0002\000.\0001\000\040\000D\000e\000t\000a\000i\000l\000e\000d\000\040\000D\000e\000s\000c\000r\000i\000p\000t\000i\000o\000n}{section.6.2}% 43
\BOOKMARK [2][-]{subsection.6.2.2}{\376\377\0006\000.\0002\000.\0002\000\040\000M\000e\000m\000b\000e\000r\000\040\000F\000u\000n\000c\000t\000i\000o\000n\000/\000S\000u\000b\000r\000o\000u\000t\000i\000n\000e\000\040\000D\000o\000c\000u\000m\000e\000n\000t\000a\000t\000i\000o\000n}{section.6.2}% 44
\BOOKMARK [3][-]{subsubsection.6.2.2.1}{\376\377\0006\000.\0002\000.\0002\000.\0001\000\040\000g\000e\000t\000c\000o\000n\000t\000e\000n\000t\000\050\000\051}{subsection.6.2.2}% 45
\BOOKMARK [3][-]{subsubsection.6.2.2.2}{\376\377\0006\000.\0002\000.\0002\000.\0002\000\040\000p\000r\000i\000n\000t\000c\000o\000n\000t\000a\000i\000n\000e\000r\000\050\000\051}{subsection.6.2.2}% 46
\BOOKMARK [3][-]{subsubsection.6.2.2.3}{\376\377\0006\000.\0002\000.\0002\000.\0003\000\040\000s\000t\000o\000r\000e\000c\000o\000n\000t\000e\000n\000t\000\050\000\051}{subsection.6.2.2}% 47
\BOOKMARK [2][-]{subsection.6.2.3}{\376\377\0006\000.\0002\000.\0003\000\040\000M\000e\000m\000b\000e\000r\000\040\000D\000a\000t\000a\000\040\000D\000o\000c\000u\000m\000e\000n\000t\000a\000t\000i\000o\000n}{section.6.2}% 48
\BOOKMARK [3][-]{subsubsection.6.2.3.1}{\376\377\0006\000.\0002\000.\0003\000.\0001\000\040\000v\000a\000l\000u\000e}{subsection.6.2.3}% 49
\BOOKMARK [1][-]{section.6.3}{\376\377\0006\000.\0003\000\040\000a\000b\000s\000t\000r\000a\000c\000t\000\137\000c\000o\000n\000t\000a\000i\000n\000e\000r\000\137\000a\000r\000r\000a\000y\000\137\000m\000o\000d\000:\000:\000c\000o\000n\000t\000a\000i\000n\000e\000r\000\137\000a\000r\000r\000a\000y\000\040\000T\000y\000p\000e\000\040\000R\000e\000f\000e\000r\000e\000n\000c\000e}{chapter.6}% 50
\BOOKMARK [2][-]{subsection.6.3.1}{\376\377\0006\000.\0003\000.\0001\000\040\000D\000e\000t\000a\000i\000l\000e\000d\000\040\000D\000e\000s\000c\000r\000i\000p\000t\000i\000o\000n}{section.6.3}% 51
\BOOKMARK [2][-]{subsection.6.3.2}{\376\377\0006\000.\0003\000.\0002\000\040\000M\000e\000m\000b\000e\000r\000\040\000F\000u\000n\000c\000t\000i\000o\000n\000/\000S\000u\000b\000r\000o\000u\000t\000i\000n\000e\000\040\000D\000o\000c\000u\000m\000e\000n\000t\000a\000t\000i\000o\000n}{section.6.3}% 52
\BOOKMARK [3][-]{subsubsection.6.3.2.1}{\376\377\0006\000.\0003\000.\0002\000.\0001\000\040\000g\000e\000t\000\050\000\051}{subsection.6.3.2}% 53
\BOOKMARK [3][-]{subsubsection.6.3.2.2}{\376\377\0006\000.\0003\000.\0002\000.\0002\000\040\000g\000e\000t\000l\000e\000n\000g\000t\000h\000\050\000\051}{subsection.6.3.2}% 54
\BOOKMARK [3][-]{subsubsection.6.3.2.3}{\376\377\0006\000.\0003\000.\0002\000.\0003\000\040\000i\000n\000i\000t\000\050\000\051}{subsection.6.3.2}% 55
\BOOKMARK [3][-]{subsubsection.6.3.2.4}{\376\377\0006\000.\0003\000.\0002\000.\0004\000\040\000p\000u\000t\000\050\000\051}{subsection.6.3.2}% 56
\BOOKMARK [3][-]{subsubsection.6.3.2.5}{\376\377\0006\000.\0003\000.\0002\000.\0005\000\040\000r\000e\000s\000i\000z\000e\000\050\000\051}{subsection.6.3.2}% 57
\BOOKMARK [2][-]{subsection.6.3.3}{\376\377\0006\000.\0003\000.\0003\000\040\000M\000e\000m\000b\000e\000r\000\040\000D\000a\000t\000a\000\040\000D\000o\000c\000u\000m\000e\000n\000t\000a\000t\000i\000o\000n}{section.6.3}% 58
\BOOKMARK [3][-]{subsubsection.6.3.3.1}{\376\377\0006\000.\0003\000.\0003\000.\0001\000\040\000c\000o\000n\000t\000e\000n\000t\000s}{subsection.6.3.3}% 59
\BOOKMARK [3][-]{subsubsection.6.3.3.2}{\376\377\0006\000.\0003\000.\0003\000.\0002\000\040\000l\000e\000n\000g\000t\000h}{subsection.6.3.3}% 60
\BOOKMARK [1][-]{section.6.4}{\376\377\0006\000.\0004\000\040\000t\000y\000p\000e\000s\000\137\000m\000o\000d\000:\000:\000s\000h\000a\000p\000e\000\040\000T\000y\000p\000e\000\040\000R\000e\000f\000e\000r\000e\000n\000c\000e}{chapter.6}% 61
\BOOKMARK [2][-]{subsection.6.4.1}{\376\377\0006\000.\0004\000.\0001\000\040\000D\000e\000t\000a\000i\000l\000e\000d\000\040\000D\000e\000s\000c\000r\000i\000p\000t\000i\000o\000n}{section.6.4}% 62
\BOOKMARK [2][-]{subsection.6.4.2}{\376\377\0006\000.\0004\000.\0002\000\040\000M\000e\000m\000b\000e\000r\000\040\000F\000u\000n\000c\000t\000i\000o\000n\000/\000S\000u\000b\000r\000o\000u\000t\000i\000n\000e\000\040\000D\000o\000c\000u\000m\000e\000n\000t\000a\000t\000i\000o\000n}{section.6.4}% 63
\BOOKMARK [3][-]{subsubsection.6.4.2.1}{\376\377\0006\000.\0004\000.\0002\000.\0001\000\040\000p\000r\000i\000n\000t\000\050\000\051}{subsection.6.4.2}% 64
\BOOKMARK [2][-]{subsection.6.4.3}{\376\377\0006\000.\0004\000.\0003\000\040\000M\000e\000m\000b\000e\000r\000\040\000D\000a\000t\000a\000\040\000D\000o\000c\000u\000m\000e\000n\000t\000a\000t\000i\000o\000n}{section.6.4}% 65
\BOOKMARK [3][-]{subsubsection.6.4.3.1}{\376\377\0006\000.\0004\000.\0003\000.\0001\000\040\000f\000i\000l\000l\000e\000d}{subsection.6.4.3}% 66
\BOOKMARK [3][-]{subsubsection.6.4.3.2}{\376\377\0006\000.\0004\000.\0003\000.\0002\000\040\000i\000d}{subsection.6.4.3}% 67
\BOOKMARK [3][-]{subsubsection.6.4.3.3}{\376\377\0006\000.\0004\000.\0003\000.\0003\000\040\000p\000o\000s\000x}{subsection.6.4.3}% 68
\BOOKMARK [3][-]{subsubsection.6.4.3.4}{\376\377\0006\000.\0004\000.\0003\000.\0004\000\040\000p\000o\000s\000y}{subsection.6.4.3}% 69
\BOOKMARK [1][-]{section.6.5}{\376\377\0006\000.\0005\000\040\000s\000h\000a\000p\000e\000\137\000a\000r\000r\000a\000y\000\137\000m\000o\000d\000:\000:\000s\000h\000a\000p\000e\000a\000r\000r\000a\000y\000\040\000T\000y\000p\000e\000\040\000R\000e\000f\000e\000r\000e\000n\000c\000e}{chapter.6}% 70
\BOOKMARK [2][-]{subsection.6.5.1}{\376\377\0006\000.\0005\000.\0001\000\040\000D\000e\000t\000a\000i\000l\000e\000d\000\040\000D\000e\000s\000c\000r\000i\000p\000t\000i\000o\000n}{section.6.5}% 71
\BOOKMARK [2][-]{subsection.6.5.2}{\376\377\0006\000.\0005\000.\0002\000\040\000M\000e\000m\000b\000e\000r\000\040\000F\000u\000n\000c\000t\000i\000o\000n\000/\000S\000u\000b\000r\000o\000u\000t\000i\000n\000e\000\040\000D\000o\000c\000u\000m\000e\000n\000t\000a\000t\000i\000o\000n}{section.6.5}% 72
\BOOKMARK [3][-]{subsubsection.6.5.2.1}{\376\377\0006\000.\0005\000.\0002\000.\0001\000\040\000p\000r\000i\000n\000t\000a\000r\000r\000a\000y\000\050\000\051}{subsection.6.5.2}% 73
\BOOKMARK [3][-]{subsubsection.6.5.2.2}{\376\377\0006\000.\0005\000.\0002\000.\0002\000\040\000p\000r\000i\000n\000t\000e\000l\000e\000m\000e\000n\000t\000\050\000\051}{subsection.6.5.2}% 74
\BOOKMARK [0][-]{chapter.7}{\376\377\0007\000\040\000F\000i\000l\000e\000\040\000D\000o\000c\000u\000m\000e\000n\000t\000a\000t\000i\000o\000n}{}% 75
\BOOKMARK [1][-]{section.7.1}{\376\377\0007\000.\0001\000\040\000C\000:\000/\000U\000s\000e\000r\000s\000/\000a\000d\000m\000i\000n\000i\000s\000t\000r\000a\000t\000o\000r\000/\000D\000o\000c\000u\000m\000e\000n\000t\000s\000/\000G\000i\000t\000H\000u\000b\000/\000F\000U\000P\000R\000A\000/\000s\000r\000c\000/\000a\000p\000p\000/\000T\000e\000s\000t\000s\000F\000U\000P\000R\000A\000.\000f\0009\0000\000\040\000F\000i\000l\000e\000\040\000R\000e\000f\000e\000r\000e\000n\000c\000e}{chapter.7}% 76
\BOOKMARK [2][-]{subsection.7.1.1}{\376\377\0007\000.\0001\000.\0001\000\040\000F\000u\000n\000c\000t\000i\000o\000n\000/\000S\000u\000b\000r\000o\000u\000t\000i\000n\000e\000\040\000D\000o\000c\000u\000m\000e\000n\000t\000a\000t\000i\000o\000n}{section.7.1}% 77
\BOOKMARK [3][-]{subsubsection.7.1.1.1}{\376\377\0007\000.\0001\000.\0001\000.\0001\000\040\000t\000e\000s\000t\000s\000f\000u\000p\000r\000a\000\050\000\051}{subsection.7.1.1}% 78
\BOOKMARK [1][-]{section.7.2}{\376\377\0007\000.\0002\000\040\000C\000:\000/\000U\000s\000e\000r\000s\000/\000a\000d\000m\000i\000n\000i\000s\000t\000r\000a\000t\000o\000r\000/\000D\000o\000c\000u\000m\000e\000n\000t\000s\000/\000G\000i\000t\000H\000u\000b\000/\000F\000U\000P\000R\000A\000/\000s\000r\000c\000/\000l\000i\000b\000/\000a\000b\000s\000t\000r\000a\000c\000t\000\137\000c\000o\000n\000t\000a\000i\000n\000e\000r\000\137\000a\000r\000r\000a\000y\000.\000f\0009\0000\000\040\000F\000i\000l\000e\000\040\000R\000e\000f\000e\000r\000e\000n\000c\000e}{chapter.7}% 79
\BOOKMARK [1][-]{section.7.3}{\376\377\0007\000.\0003\000\040\000C\000:\000/\000U\000s\000e\000r\000s\000/\000a\000d\000m\000i\000n\000i\000s\000t\000r\000a\000t\000o\000r\000/\000D\000o\000c\000u\000m\000e\000n\000t\000s\000/\000G\000i\000t\000H\000u\000b\000/\000F\000U\000P\000R\000A\000/\000s\000r\000c\000/\000l\000i\000b\000/\000c\000o\000n\000t\000a\000i\000n\000e\000r\000.\000f\0009\0000\000\040\000F\000i\000l\000e\000\040\000R\000e\000f\000e\000r\000e\000n\000c\000e}{chapter.7}% 80
\BOOKMARK [1][-]{section.7.4}{\376\377\0007\000.\0004\000\040\000C\000:\000/\000U\000s\000e\000r\000s\000/\000a\000d\000m\000i\000n\000i\000s\000t\000r\000a\000t\000o\000r\000/\000D\000o\000c\000u\000m\000e\000n\000t\000s\000/\000G\000i\000t\000H\000u\000b\000/\000F\000U\000P\000R\000A\000/\000s\000r\000c\000/\000l\000i\000b\000/\000s\000h\000a\000p\000e\000\137\000a\000r\000r\000a\000y\000.\000f\0009\0000\000\040\000F\000i\000l\000e\000\040\000R\000e\000f\000e\000r\000e\000n\000c\000e}{chapter.7}% 81
\BOOKMARK [1][-]{section.7.5}{\376\377\0007\000.\0005\000\040\000C\000:\000/\000U\000s\000e\000r\000s\000/\000a\000d\000m\000i\000n\000i\000s\000t\000r\000a\000t\000o\000r\000/\000D\000o\000c\000u\000m\000e\000n\000t\000s\000/\000G\000i\000t\000H\000u\000b\000/\000F\000U\000P\000R\000A\000/\000s\000r\000c\000/\000l\000i\000b\000/\000t\000y\000p\000e\000s\000.\000f\0009\0000\000\040\000F\000i\000l\000e\000\040\000R\000e\000f\000e\000r\000e\000n\000c\000e}{chapter.7}% 82
